<?xml version="1.0" encoding="UTF-8"?>
<!-- Generated by org.testng.reporters.JUnitXMLReporter -->
<testsuite hostname="DESKTOP-DRIE18L" ignored="0" name="test1" tests="4" failures="0" timestamp="18 May 2021 10:35:38 GMT" time="26.999" errors="0">
  <testcase name="tc1" time="13.527" classname="org.para.Para2"/>
  <testcase name="tc2" time="11.746" classname="org.para.Para2"/>
  <testcase name="tc3" time="0.9" classname="org.para.Para2"/>
  <testcase name="tc4" time="0.678" classname="org.para.Para2"/>
</testsuite> <!-- test1 -->
