<?xml version="1.0" encoding="UTF-8"?>
<!-- Generated by org.testng.reporters.JUnitXMLReporter -->
<testsuite hostname="DESKTOP-DRIE18L" ignored="0" name="test3" tests="4" failures="3" timestamp="18 May 2021 10:35:11 GMT" time="0.625" errors="0">
  <testcase name="tc1" time="0.063" classname="org.para.Para2"/>
  <testcase name="tc2" time="0.015" classname="org.para.Para2">
    <failure type="java.lang.NullPointerException">
      <![CDATA[java.lang.NullPointerException
at org.base.ParaBase.urlLaunch(ParaBase.java:43)
at org.para.Para2.tc2(Para2.java:25)
at java.util.concurrent.FutureTask.run(Unknown Source)
at java.util.concurrent.ThreadPoolExecutor.runWorker(Unknown Source)
at java.util.concurrent.ThreadPoolExecutor$Worker.run(Unknown Source)
at java.lang.Thread.run(Unknown Source)
... Removed 16 stack frames]]>
    </failure>
  </testcase> <!-- tc2 -->
  <testcase name="tc3" time="0.204" classname="org.para.Para2">
    <failure type="java.lang.NullPointerException">
      <![CDATA[java.lang.NullPointerException
at org.openqa.selenium.support.pagefactory.DefaultElementLocator.findElement(DefaultElementLocator.java:69)
at org.openqa.selenium.support.pagefactory.internal.LocatingElementHandler.invoke(LocatingElementHandler.java:38)
at com.sun.proxy.$Proxy8.sendKeys(Unknown Source)
at org.base.ParaBase.datasend(ParaBase.java:47)
at org.para.Para2.tc3(Para2.java:31)
at java.util.concurrent.FutureTask.run(Unknown Source)
at java.util.concurrent.ThreadPoolExecutor.runWorker(Unknown Source)
at java.util.concurrent.ThreadPoolExecutor$Worker.run(Unknown Source)
at java.lang.Thread.run(Unknown Source)
... Removed 16 stack frames]]>
    </failure>
  </testcase> <!-- tc3 -->
  <testcase name="tc4" time="0.0" classname="org.para.Para2">
    <failure type="java.lang.NullPointerException">
      <![CDATA[java.lang.NullPointerException
at org.openqa.selenium.support.pagefactory.DefaultElementLocator.findElement(DefaultElementLocator.java:69)
at org.openqa.selenium.support.pagefactory.internal.LocatingElementHandler.invoke(LocatingElementHandler.java:38)
at com.sun.proxy.$Proxy8.click(Unknown Source)
at org.base.ParaBase.click(ParaBase.java:51)
at org.para.Para2.tc4(Para2.java:38)
at java.util.concurrent.FutureTask.run(Unknown Source)
at java.util.concurrent.ThreadPoolExecutor.runWorker(Unknown Source)
at java.util.concurrent.ThreadPoolExecutor$Worker.run(Unknown Source)
at java.lang.Thread.run(Unknown Source)
... Removed 16 stack frames]]>
    </failure>
  </testcase> <!-- tc4 -->
</testsuite> <!-- test3 -->
