<?xml version="1.0" encoding="UTF-8"?>
<!-- Generated by org.testng.reporters.JUnitXMLReporter -->
<testsuite hostname="DESKTOP-DRIE18L" ignored="0" name="test12" tests="4" failures="0" timestamp="18 May 2021 10:37:08 GMT" time="117.377" errors="0">
  <testcase name="tc1" time="69.832" classname="org.para.Para2"/>
  <testcase name="tc2" time="41.388" classname="org.para.Para2"/>
  <testcase name="tc3" time="3.903" classname="org.para.Para2"/>
  <testcase name="tc4" time="2.105" classname="org.para.Para2"/>
</testsuite> <!-- test12 -->
