<?xml version="1.0" encoding="UTF-8"?>
<testng-results skipped="0" failed="0" ignored="0" total="1" passed="1">
  <reporter-output>
  </reporter-output>
  <suite name="Default suite" duration-ms="39887" started-at="2021-05-28T10:15:26Z" finished-at="2021-05-28T10:16:06Z">
    <groups>
    </groups>
    <test name="Default test" duration-ms="39887" started-at="2021-05-28T10:15:26Z" finished-at="2021-05-28T10:16:06Z">
      <class name="org.fileupload.FileUpload">
        <test-method status="PASS" signature="beforeOperatons()[pri:0, instance:org.fileupload.FileUpload@59fa1d9b]" name="beforeOperatons" is-config="true" duration-ms="39006" started-at="2021-05-28T10:15:26Z" finished-at="2021-05-28T10:16:05Z">
          <reporter-output>
          </reporter-output>
        </test-method> <!-- beforeOperatons -->
        <test-method status="PASS" signature="begining()[pri:0, instance:org.fileupload.FileUpload@59fa1d9b]" name="begining" duration-ms="753" started-at="2021-05-28T10:16:05Z" finished-at="2021-05-28T10:16:06Z">
          <reporter-output>
          </reporter-output>
        </test-method> <!-- begining -->
      </class> <!-- org.fileupload.FileUpload -->
    </test> <!-- Default test -->
  </suite> <!-- Default suite -->
</testng-results>
